{
  "stats": {
    "suites": 1,
    "tests": 3,
    "passes": 2,
    "pending": 0,
    "failures": 1,
    "start": "2021-07-20T00:50:25.975Z",
    "end": "2021-07-20T00:50:36.858Z",
    "duration": 10883,
    "testsRegistered": 3,
    "passPercent": 66.66666666666666,
    "pendingPercent": 0,
    "other": 0,
    "hasOther": false,
    "skipped": 0,
    "hasSkipped": false
  },
  "results": [
    {
      "uuid": "efb332a1-d21e-4f94-a98c-aa4f94c7e1db",
      "title": "",
      "fullFile": "cypress/integration/google_search_failure_spec.js",
      "file": "cypress/integration/google_search_failure_spec.js",
      "beforeHooks": [],
      "afterHooks": [],
      "tests": [],
      "suites": [
        {
          "uuid": "95d74181-15f0-41dd-87db-657937a870bc",
          "title": "Google fail search",
          "fullFile": "",
          "file": "",
          "beforeHooks": [],
          "afterHooks": [],
          "tests": [
            {
              "title": "Successfully loads Google.com",
              "fullTitle": "Google fail search Successfully loads Google.com",
              "timedOut": null,
              "duration": 1161,
              "state": "passed",
              "speed": "slow",
              "pass": true,
              "fail": false,
              "pending": false,
              "context": "\"videos/google_search_failure_spec.js.mp4\"",
              "code": "cy.visit('https://www.google.com');",
              "err": {},
              "uuid": "37d5c534-c9fd-4215-9762-9cb859d308af",
              "parentUUID": "95d74181-15f0-41dd-87db-657937a870bc",
              "isHook": false,
              "skipped": false
            },
            {
              "title": "Search for something strange",
              "fullTitle": "Google fail search Search for something strange",
              "timedOut": null,
              "duration": 4080,
              "state": "passed",
              "speed": "slow",
              "pass": true,
              "fail": false,
              "pending": false,
              "context": "\"videos/google_search_failure_spec.js.mp4\"",
              "code": "cy.get('[name=\"q\"]').type('anqqaxc a57k2..').should('have.value', 'anqqaxc a57k2..').type('{enter}');",
              "err": {},
              "uuid": "c48ea3b2-d921-4721-bccb-67567850bf98",
              "parentUUID": "95d74181-15f0-41dd-87db-657937a870bc",
              "isHook": false,
              "skipped": false
            },
            {
              "title": "Expect more than 1000 results",
              "fullTitle": "Google fail search Expect more than 1000 results",
              "timedOut": null,
              "duration": 4386,
              "state": "failed",
              "speed": null,
              "pass": false,
              "fail": true,
              "pending": false,
              "context": "\"videos/google_search_failure_spec.js.mp4\"",
              "code": "cy.get('[id=\"result-stats\"]').contains('100 results');",
              "err": {
                "message": "AssertionError: Timed out retrying: Expected to find element: `[id=\"result-stats\"]`, but never found it.",
                "estack": "AssertionError: Timed out retrying: Expected to find element: `[id=\"result-stats\"]`, but never found it.\n    at Context.eval (https://www.google.com/__cypress/tests?p=cypress/integration/google_search_failure_spec.js:12:8)",
                "diff": null
              },
              "uuid": "338561ed-a35e-4001-a1be-6f7b7fce4cab",
              "parentUUID": "95d74181-15f0-41dd-87db-657937a870bc",
              "isHook": false,
              "skipped": false
            }
          ],
          "suites": [],
          "passes": [
            "37d5c534-c9fd-4215-9762-9cb859d308af",
            "c48ea3b2-d921-4721-bccb-67567850bf98"
          ],
          "failures": [
            "338561ed-a35e-4001-a1be-6f7b7fce4cab"
          ],
          "pending": [],
          "skipped": [],
          "duration": 9627,
          "root": false,
          "rootEmpty": false,
          "_timeout": 2000
        }
      ],
      "passes": [],
      "failures": [],
      "pending": [],
      "skipped": [],
      "duration": 0,
      "root": true,
      "rootEmpty": true,
      "_timeout": 2000
    }
  ],
  "meta": {
    "mocha": {
      "version": "7.0.1"
    },
    "mochawesome": {
      "options": {
        "quiet": false,
        "reportFilename": "mochawesome",
        "saveHtml": false,
        "saveJson": true,
        "consoleReporter": "spec",
        "useInlineDiffs": false,
        "code": true
      },
      "version": "6.1.1"
    },
    "marge": {
      "options": {
        "id": "default",
        "reportDir": "cypress/results/json",
        "overwrite": false,
        "html": false,
        "json": true
      },
      "version": "5.1.0"
    }
  }
}