{
  "stats": {
    "suites": 1,
    "tests": 2,
    "passes": 2,
    "pending": 0,
    "failures": 0,
    "start": "2021-07-20T20:45:30.662Z",
    "end": "2021-07-20T20:45:38.308Z",
    "duration": 7646,
    "testsRegistered": 2,
    "passPercent": 100,
    "pendingPercent": 0,
    "other": 0,
    "hasOther": false,
    "skipped": 0,
    "hasSkipped": false
  },
  "results": [
    {
      "uuid": "a3ae747d-e0bf-4043-a49d-6450fecccc02",
      "title": "",
      "fullFile": "cypress/integration/google_search_success_spec.js",
      "file": "cypress/integration/google_search_success_spec.js",
      "beforeHooks": [],
      "afterHooks": [],
      "tests": [],
      "suites": [
        {
          "uuid": "d2dd0105-6ba1-4c51-aa26-3a6dde4d3f9b",
          "title": "Google success search",
          "fullFile": "",
          "file": "",
          "beforeHooks": [],
          "afterHooks": [],
          "tests": [
            {
              "title": "Successfully loads Google.com",
              "fullTitle": "Google success search Successfully loads Google.com",
              "timedOut": null,
              "duration": 1082,
              "state": "passed",
              "speed": "slow",
              "pass": true,
              "fail": false,
              "pending": false,
              "context": "\"videos/google_search_success_spec.js.mp4\"",
              "code": "cy.visit('https://www.google.com');",
              "err": {},
              "uuid": "803f4653-0b1a-4771-acac-8b72c060c19b",
              "parentUUID": "d2dd0105-6ba1-4c51-aa26-3a6dde4d3f9b",
              "isHook": false,
              "skipped": false
            },
            {
              "title": "Search for a video",
              "fullTitle": "Google success search Search for a video",
              "timedOut": null,
              "duration": 5233,
              "state": "passed",
              "speed": "slow",
              "pass": true,
              "fail": false,
              "pending": false,
              "context": "\"videos/google_search_success_spec.js.mp4\"",
              "code": "cy.get('[name=\"q\"]').type('never gonna give you up youtube').should('have.value', 'never gonna give you up youtube').type('{enter}');",
              "err": {},
              "uuid": "ca47dd5e-a67c-44ad-a2ed-395ab6d503bc",
              "parentUUID": "d2dd0105-6ba1-4c51-aa26-3a6dde4d3f9b",
              "isHook": false,
              "skipped": false
            }
          ],
          "suites": [],
          "passes": [
            "803f4653-0b1a-4771-acac-8b72c060c19b",
            "ca47dd5e-a67c-44ad-a2ed-395ab6d503bc"
          ],
          "failures": [],
          "pending": [],
          "skipped": [],
          "duration": 6315,
          "root": false,
          "rootEmpty": false,
          "_timeout": 2000
        }
      ],
      "passes": [],
      "failures": [],
      "pending": [],
      "skipped": [],
      "duration": 0,
      "root": true,
      "rootEmpty": true,
      "_timeout": 2000
    }
  ],
  "meta": {
    "mocha": {
      "version": "7.0.1"
    },
    "mochawesome": {
      "options": {
        "quiet": false,
        "reportFilename": "mochawesome",
        "saveHtml": false,
        "saveJson": true,
        "consoleReporter": "spec",
        "useInlineDiffs": false,
        "code": true
      },
      "version": "6.1.1"
    },
    "marge": {
      "options": {
        "id": "default",
        "reportDir": "cypress/results/json",
        "overwrite": false,
        "html": false,
        "json": true
      },
      "version": "5.1.0"
    }
  }
}